<?xml version="1.0" encoding="UTF-8"?>
<!-- Generated by org.testng.reporters.JUnitReportReporter -->
<testsuite skipped="0" hostname="52c4ef4e93fd" name="com.newtours.tests.BookFlightTest" tests="20" failures="0" timestamp="14 Jan 2021 23:39:45 GMT" time="53.037" errors="0">
  <testcase name="flightDetailsPageTest" time="1.820" classname="com.newtours.tests.BookFlightTest"/>
  <testcase name="findFlightPageTest" time="1.053" classname="com.newtours.tests.BookFlightTest"/>
  <testcase name="flightDetailsPageTest" time="2.142" classname="com.newtours.tests.BookFlightTest"/>
  <testcase name="findFlightPageTest" time="0.853" classname="com.newtours.tests.BookFlightTest"/>
  <testcase name="registrationPageTest" time="10.697" classname="com.newtours.tests.BookFlightTest"/>
  <testcase name="flightConfirmationPageTest" time="1.115" classname="com.newtours.tests.BookFlightTest"/>
  <testcase name="registrationConfirmationPageTest" time="0.325" classname="com.newtours.tests.BookFlightTest"/>
  <testcase name="flightConfirmationPageTest" time="0.598" classname="com.newtours.tests.BookFlightTest"/>
  <testcase name="flightConfirmationPageTest" time="1.106" classname="com.newtours.tests.BookFlightTest"/>
  <testcase name="registrationPageTest" time="10.796" classname="com.newtours.tests.BookFlightTest"/>
  <testcase name="registrationConfirmationPageTest" time="1.260" classname="com.newtours.tests.BookFlightTest"/>
  <testcase name="registrationPageTest" time="6.990" classname="com.newtours.tests.BookFlightTest"/>
  <testcase name="findFlightPageTest" time="1.058" classname="com.newtours.tests.BookFlightTest"/>
  <testcase name="flightDetailsPageTest" time="2.179" classname="com.newtours.tests.BookFlightTest"/>
  <testcase name="flightConfirmationPageTest" time="0.548" classname="com.newtours.tests.BookFlightTest"/>
  <testcase name="findFlightPageTest" time="0.854" classname="com.newtours.tests.BookFlightTest"/>
  <testcase name="flightDetailsPageTest" time="1.910" classname="com.newtours.tests.BookFlightTest"/>
  <testcase name="registrationConfirmationPageTest" time="1.322" classname="com.newtours.tests.BookFlightTest"/>
  <testcase name="registrationPageTest" time="5.947" classname="com.newtours.tests.BookFlightTest"/>
  <testcase name="registrationConfirmationPageTest" time="0.464" classname="com.newtours.tests.BookFlightTest"/>
</testsuite> <!-- com.newtours.tests.BookFlightTest -->
