<?xml version="1.0" encoding="UTF-8"?>
<!-- Generated by org.testng.reporters.JUnitReportReporter -->
<testsuite skipped="0" hostname="33274cf32325" name="searchmodule.tests.SearchModuleTest" tests="5" failures="0" timestamp="14 Jan 2021 23:40:26 GMT" time="58.577" errors="0">
  <testcase name="searchTest" time="6.686" classname="searchmodule.tests.SearchModuleTest"/>
  <testcase name="searchTest" time="7.468" classname="searchmodule.tests.SearchModuleTest"/>
  <testcase name="searchTest" time="29.148" classname="searchmodule.tests.SearchModuleTest"/>
  <testcase name="searchTest" time="7.246" classname="searchmodule.tests.SearchModuleTest"/>
  <testcase name="searchTest" time="8.029" classname="searchmodule.tests.SearchModuleTest"/>
</testsuite> <!-- searchmodule.tests.SearchModuleTest -->
