<?xml version="1.0" encoding="UTF-8"?>
<!-- Generated by org.testng.reporters.JUnitReportReporter -->
<testsuite skipped="0" hostname="6b5d47e67de3" name="com.newtours.tests.BookFlightTest" tests="20" failures="0" timestamp="14 Jan 2021 23:39:01 GMT" time="141.196" errors="0">
  <testcase name="flightConfirmationPageTest" time="0.973" classname="com.newtours.tests.BookFlightTest"/>
  <testcase name="flightConfirmationPageTest" time="1.294" classname="com.newtours.tests.BookFlightTest"/>
  <testcase name="registrationPageTest" time="18.487" classname="com.newtours.tests.BookFlightTest"/>
  <testcase name="flightDetailsPageTest" time="3.088" classname="com.newtours.tests.BookFlightTest"/>
  <testcase name="registrationPageTest" time="39.966" classname="com.newtours.tests.BookFlightTest"/>
  <testcase name="registrationConfirmationPageTest" time="0.833" classname="com.newtours.tests.BookFlightTest"/>
  <testcase name="registrationPageTest" time="39.954" classname="com.newtours.tests.BookFlightTest"/>
  <testcase name="flightDetailsPageTest" time="2.291" classname="com.newtours.tests.BookFlightTest"/>
  <testcase name="registrationConfirmationPageTest" time="1.128" classname="com.newtours.tests.BookFlightTest"/>
  <testcase name="findFlightPageTest" time="1.355" classname="com.newtours.tests.BookFlightTest"/>
  <testcase name="flightDetailsPageTest" time="2.987" classname="com.newtours.tests.BookFlightTest"/>
  <testcase name="findFlightPageTest" time="1.262" classname="com.newtours.tests.BookFlightTest"/>
  <testcase name="flightConfirmationPageTest" time="1.239" classname="com.newtours.tests.BookFlightTest"/>
  <testcase name="flightConfirmationPageTest" time="1.777" classname="com.newtours.tests.BookFlightTest"/>
  <testcase name="findFlightPageTest" time="1.153" classname="com.newtours.tests.BookFlightTest"/>
  <testcase name="registrationConfirmationPageTest" time="1.224" classname="com.newtours.tests.BookFlightTest"/>
  <testcase name="flightDetailsPageTest" time="2.467" classname="com.newtours.tests.BookFlightTest"/>
  <testcase name="findFlightPageTest" time="1.129" classname="com.newtours.tests.BookFlightTest"/>
  <testcase name="registrationPageTest" time="17.755" classname="com.newtours.tests.BookFlightTest"/>
  <testcase name="registrationConfirmationPageTest" time="0.834" classname="com.newtours.tests.BookFlightTest"/>
</testsuite> <!-- com.newtours.tests.BookFlightTest -->
