<?xml version="1.0" encoding="UTF-8"?>
<!-- Generated by org.testng.reporters.JUnitReportReporter -->
<testsuite skipped="0" hostname="3e3a098daa75" name="searchmodule.tests.SearchModuleTest" tests="5" failures="0" timestamp="14 Jan 2021 23:40:26 GMT" time="58.725" errors="0">
  <testcase name="searchTest" time="6.245" classname="searchmodule.tests.SearchModuleTest"/>
  <testcase name="searchTest" time="7.077" classname="searchmodule.tests.SearchModuleTest"/>
  <testcase name="searchTest" time="6.697" classname="searchmodule.tests.SearchModuleTest"/>
  <testcase name="searchTest" time="30.960" classname="searchmodule.tests.SearchModuleTest"/>
  <testcase name="searchTest" time="7.746" classname="searchmodule.tests.SearchModuleTest"/>
</testsuite> <!-- searchmodule.tests.SearchModuleTest -->
