<?xml version="1.0" encoding="UTF-8"?>
<!-- Generated by org.testng.reporters.JUnitReportReporter -->
<testsuite skipped="0" hostname="08c9f48e9af1" name="searchmodule.tests.SearchModuleTest" tests="5" failures="0" timestamp="14 Jan 2021 23:26:22 GMT" time="38.326" errors="0">
  <testcase name="searchTest" time="7.108" classname="searchmodule.tests.SearchModuleTest"/>
  <testcase name="searchTest" time="6.211" classname="searchmodule.tests.SearchModuleTest"/>
  <testcase name="searchTest" time="7.774" classname="searchmodule.tests.SearchModuleTest"/>
  <testcase name="searchTest" time="8.598" classname="searchmodule.tests.SearchModuleTest"/>
  <testcase name="searchTest" time="8.635" classname="searchmodule.tests.SearchModuleTest"/>
</testsuite> <!-- searchmodule.tests.SearchModuleTest -->
