<?xml version="1.0" encoding="UTF-8"?>
<!-- Generated by org.testng.reporters.JUnitReportReporter -->
<testsuite skipped="0" hostname="2aa5fc54c929" name="com.newtours.tests.BookFlightTest" tests="20" failures="0" timestamp="14 Jan 2021 23:25:44 GMT" time="61.912" errors="0">
  <testcase name="registrationPageTest" time="31.634" classname="com.newtours.tests.BookFlightTest"/>
  <testcase name="registrationConfirmationPageTest" time="0.977" classname="com.newtours.tests.BookFlightTest"/>
  <testcase name="registrationConfirmationPageTest" time="0.293" classname="com.newtours.tests.BookFlightTest"/>
  <testcase name="flightDetailsPageTest" time="2.802" classname="com.newtours.tests.BookFlightTest"/>
  <testcase name="registrationPageTest" time="4.566" classname="com.newtours.tests.BookFlightTest"/>
  <testcase name="registrationPageTest" time="4.397" classname="com.newtours.tests.BookFlightTest"/>
  <testcase name="flightDetailsPageTest" time="2.288" classname="com.newtours.tests.BookFlightTest"/>
  <testcase name="findFlightPageTest" time="1.646" classname="com.newtours.tests.BookFlightTest"/>
  <testcase name="findFlightPageTest" time="0.814" classname="com.newtours.tests.BookFlightTest"/>
  <testcase name="flightConfirmationPageTest" time="1.197" classname="com.newtours.tests.BookFlightTest"/>
  <testcase name="registrationConfirmationPageTest" time="0.363" classname="com.newtours.tests.BookFlightTest"/>
  <testcase name="findFlightPageTest" time="0.699" classname="com.newtours.tests.BookFlightTest"/>
  <testcase name="registrationPageTest" time="3.419" classname="com.newtours.tests.BookFlightTest"/>
  <testcase name="flightConfirmationPageTest" time="0.605" classname="com.newtours.tests.BookFlightTest"/>
  <testcase name="flightConfirmationPageTest" time="0.963" classname="com.newtours.tests.BookFlightTest"/>
  <testcase name="findFlightPageTest" time="0.687" classname="com.newtours.tests.BookFlightTest"/>
  <testcase name="flightDetailsPageTest" time="1.737" classname="com.newtours.tests.BookFlightTest"/>
  <testcase name="flightDetailsPageTest" time="1.946" classname="com.newtours.tests.BookFlightTest"/>
  <testcase name="flightConfirmationPageTest" time="0.548" classname="com.newtours.tests.BookFlightTest"/>
  <testcase name="registrationConfirmationPageTest" time="0.331" classname="com.newtours.tests.BookFlightTest"/>
</testsuite> <!-- com.newtours.tests.BookFlightTest -->
